c:\users\admin\source\repos\ann\game\x64\debug\vc141.pdb
c:\users\admin\source\repos\ann\game\x64\debug\vc141.idb
c:\users\admin\source\repos\ann\game\x64\debug\vector2.obj
c:\users\admin\source\repos\ann\game\x64\debug\object.obj
c:\users\admin\source\repos\ann\game\x64\debug\game.obj
c:\users\admin\source\repos\ann\game\x64\debug\instance.obj
c:\users\admin\source\repos\ann\game\x64\debug\block.obj
c:\users\admin\source\repos\ann\game\x64\debug\gamemanager.obj
c:\users\admin\source\repos\ann\game\x64\debug\ann.obj
c:\users\admin\source\repos\ann\x64\debug\game.exe
c:\users\admin\source\repos\ann\x64\debug\game.ilk
c:\users\admin\source\repos\ann\x64\debug\game.pdb
c:\users\admin\source\repos\ann\game\x64\debug\game.tlog\cl.command.1.tlog
c:\users\admin\source\repos\ann\game\x64\debug\game.tlog\cl.read.1.tlog
c:\users\admin\source\repos\ann\game\x64\debug\game.tlog\cl.write.1.tlog
c:\users\admin\source\repos\ann\game\x64\debug\game.tlog\link-cvtres.read.1.tlog
c:\users\admin\source\repos\ann\game\x64\debug\game.tlog\link-cvtres.write.1.tlog
c:\users\admin\source\repos\ann\game\x64\debug\game.tlog\link-rc.read.1.tlog
c:\users\admin\source\repos\ann\game\x64\debug\game.tlog\link-rc.write.1.tlog
c:\users\admin\source\repos\ann\game\x64\debug\game.tlog\link.5096-cvtres.read.1.tlog
c:\users\admin\source\repos\ann\game\x64\debug\game.tlog\link.5096-cvtres.write.1.tlog
c:\users\admin\source\repos\ann\game\x64\debug\game.tlog\link.5096-rc.read.1.tlog
c:\users\admin\source\repos\ann\game\x64\debug\game.tlog\link.5096-rc.write.1.tlog
c:\users\admin\source\repos\ann\game\x64\debug\game.tlog\link.5096.read.1.tlog
c:\users\admin\source\repos\ann\game\x64\debug\game.tlog\link.5096.write.1.tlog
c:\users\admin\source\repos\ann\game\x64\debug\game.tlog\link.command.1.tlog
c:\users\admin\source\repos\ann\game\x64\debug\game.tlog\link.read.1.tlog
c:\users\admin\source\repos\ann\game\x64\debug\game.tlog\link.write.1.tlog
